
 True <-> connected, not True <-> did not connect 


    True: correct common name, no intermidiate hostnames
not True: wrong common name, no intermidiate hostnames
not True: small validation ending day
not True: sslv2 supported
not True: sslv3 supported
    True: tlsv1 supported
    True: tlsv1.1 supported
    True: tlsv1.2 supported
    True: supports at ssl in at least some level
    True: supports high(>128 bit) 'secure' ciphers
not True: supports medium(~128 bit) 'secure' ciphers
not True: supports 'insecure' ciphers
    True: supports 'RSA'
    True: supports 'AES256'
    True: supports 'SHA384'
not True: supports 'ECDSA'
not True: supports 'SRP'
    True: supports 'AES'
    True: supports 'DH'
    True: supports 'SHA'
not True: supports 'DSS'
    True: supports 'CAMELLIA256'
not True: supports 'AECDH'
not True: supports 'PSK'
    True: supports 'AES128'
not True: supports 'SEED'
    True: supports 'CAMELLIA128'
not True: supports 'AECDH'
not True: supports 'ADH'
    True: supports 'SHA256'
not True: supports 'RC4'
not True: supports 'MD5'
not True: supports 'DES'
    True: supports 'EDH'
    True: supports 'ECDH'
not True: supports 'ECDSA'
    True: supports '3DES'
not True: supports 'NULL'

